2026-07-21 15:55:43,328 | INFO | 📊 Загружена статистика SNI: 26 доменов
2026-07-21 15:55:43,328 | INFO | === SING-BOX STATUS ===
2026-07-21 15:55:43,336 | INFO | sing-box version 1.13.14

Environment: go1.25.11 linux/amd64
Tags: with_gvisor,with_quic,with_dhcp,with_wireguard,with_utls,with_acme,with_clash_api,with_tailscale,with_ccm,with_ocm,with_naive_outbound,badlinkname,tfogo_checklinkname0,with_musl
Revision: 25a600db24f7680ad9806ce5427bd0ab8afe1114
CGO: enabled
2026-07-21 15:55:43,336 | INFO | 
--- STEP 1: FETCHING SOURCES ---
2026-07-21 15:55:43,464 | INFO | Loaded 119 lines from https://raw.githubusercontent.com/igareck/vpn-conf...
2026-07-21 15:55:43,602 | INFO | Loaded 0 lines from https://raw.githubusercontent.com/igareck/vpn-conf...
2026-07-21 15:55:43,743 | INFO | Loaded 29 lines from https://raw.githubusercontent.com/igareck/vpn-conf...
2026-07-21 15:55:43,773 | INFO | Loaded 12 lines from https://raw.githubusercontent.com/igareck/vpn-conf...
2026-07-21 15:55:43,901 | INFO | Loaded 124 lines from https://raw.githubusercontent.com/igareck/vpn-conf...
2026-07-21 15:55:44,033 | INFO | Loaded 222 lines from https://raw.githubusercontent.com/igareck/vpn-conf...
2026-07-21 15:55:44,178 | INFO | Loaded 153 lines from https://raw.githubusercontent.com/igareck/vpn-conf...
2026-07-21 15:55:44,415 | INFO | Loaded 427 lines from https://raw.githubusercontent.com/FLAT447/v2ray-li...
2026-07-21 15:55:44,415 | INFO | 
--- STEP 2: VALIDATION ---
2026-07-21 15:55:44,417 | INFO | Unique VLESS configs: 749
2026-07-21 15:55:44,446 | INFO | Archive updated: 10000 nodes (limit 10000)
2026-07-21 15:55:44,450 | INFO | 
--- STEP 3: LIVE CHECK (749 nodes, threads: 40) ---
2026-07-21 15:57:36,338 | INFO | [🎉 SNI WORKED] Нода ожила с SNI: vk.com (порт 11016)
2026-07-21 16:03:59,055 | INFO | ⏱️ Время проверки: 494.6 сек
2026-07-21 16:03:59,055 | INFO | 
--- RESULT: Found 100 live nodes ---
2026-07-21 16:03:59,055 | INFO | After dedup: 100
2026-07-21 16:03:59,067 | INFO | alive_archive.txt updated: 5000 nodes (limit 5000)
2026-07-21 16:03:59,068 | INFO | Subscription updated: /home/runner/work/sbornik/sbornik/subs/vless_001.txt
2026-07-21 16:03:59,068 | INFO | 
--- STATS BY PROTOCOL ---
2026-07-21 16:03:59,068 | INFO | reality: 80
2026-07-21 16:03:59,068 | INFO | ws: 10
2026-07-21 16:03:59,068 | INFO | other: 10
2026-07-21 16:03:59,068 | INFO | 
--- TOP SNI STATS ---
2026-07-21 16:03:59,068 | INFO | api-maps.yandex.ru: 2 успешных мутаций
2026-07-21 16:03:59,068 | INFO | vk.com: 1 успешных мутаций
2026-07-21 16:03:59,068 | INFO | rutube.ru: 1 успешных мутаций
2026-07-21 16:03:59,068 | INFO | cdn.x5.ru: 1 успешных мутаций
2026-07-21 16:03:59,069 | INFO | 💾 Статистика SNI сохранена
