2026-07-23 17:24:27,240 | INFO | 📊 Загружена статистика SNI: 26 доменов
2026-07-23 17:24:27,240 | INFO | === SING-BOX STATUS ===
2026-07-23 17:24:27,247 | INFO | sing-box version 1.13.14

Environment: go1.25.11 linux/amd64
Tags: with_gvisor,with_quic,with_dhcp,with_wireguard,with_utls,with_acme,with_clash_api,with_tailscale,with_ccm,with_ocm,with_naive_outbound,badlinkname,tfogo_checklinkname0,with_musl
Revision: 25a600db24f7680ad9806ce5427bd0ab8afe1114
CGO: enabled
2026-07-23 17:24:27,248 | INFO | 
--- STEP 1: FETCHING SOURCES ---
2026-07-23 17:24:27,301 | INFO | Loaded 103 lines from https://raw.githubusercontent.com/igareck/vpn-conf...
2026-07-23 17:24:27,406 | INFO | Loaded 0 lines from https://raw.githubusercontent.com/igareck/vpn-conf...
2026-07-23 17:24:27,474 | INFO | Loaded 22 lines from https://raw.githubusercontent.com/igareck/vpn-conf...
2026-07-23 17:24:27,536 | INFO | Loaded 30 lines from https://raw.githubusercontent.com/igareck/vpn-conf...
2026-07-23 17:24:27,598 | INFO | Loaded 109 lines from https://raw.githubusercontent.com/igareck/vpn-conf...
2026-07-23 17:24:27,665 | INFO | Loaded 401 lines from https://raw.githubusercontent.com/igareck/vpn-conf...
2026-07-23 17:24:27,728 | INFO | Loaded 152 lines from https://raw.githubusercontent.com/igareck/vpn-conf...
2026-07-23 17:24:27,907 | INFO | Loaded 444 lines from https://raw.githubusercontent.com/FLAT447/v2ray-li...
2026-07-23 17:24:27,908 | INFO | 
--- STEP 2: VALIDATION ---
2026-07-23 17:24:27,909 | INFO | Unique VLESS configs: 908
2026-07-23 17:24:28,192 | INFO | Archive updated: 10000 nodes (limit 10000)
2026-07-23 17:24:28,196 | INFO | 
--- STEP 3: LIVE CHECK (908 nodes, threads: 40) ---
2026-07-23 17:24:35,261 | INFO | [🎉 SNI WORKED] Нода ожила с SNI: mail.ru (порт 11009)
2026-07-23 17:24:35,301 | INFO | [🎉 SNI WORKED] Нода ожила с SNI: yandex.ru (порт 11015)
2026-07-23 17:24:35,337 | INFO | [🎉 SNI WORKED] Нода ожила с SNI: wildberries.ru (порт 11003)
2026-07-23 17:24:35,500 | INFO | [🎉 SNI WORKED] Нода ожила с SNI: api-maps.yandex.ru (порт 11000)
2026-07-23 17:24:39,431 | INFO | [🎉 SNI WORKED] Нода ожила с SNI: wildberries.ru (порт 11014)
2026-07-23 17:24:39,611 | INFO | [🎉 SNI WORKED] Нода ожила с SNI: ozon.ru (порт 11020)
2026-07-23 17:24:42,479 | INFO | [🎉 SNI WORKED] Нода ожила с SNI: yandex.ru (порт 11019)
2026-07-23 17:24:42,809 | INFO | [🎉 SNI WORKED] Нода ожила с SNI: mail.ru (порт 11035)
2026-07-23 17:24:45,116 | INFO | [🎉 SNI WORKED] Нода ожила с SNI: api-maps.yandex.ru (порт 11031)
2026-07-23 17:24:45,341 | INFO | [🎉 SNI WORKED] Нода ожила с SNI: ozon.ru (порт 11010)
2026-07-23 17:24:47,493 | INFO | [🎉 SNI WORKED] Нода ожила с SNI: api-maps.yandex.ru (порт 11007)
2026-07-23 17:24:49,117 | INFO | [🎉 SNI WORKED] Нода ожила с SNI: yandex.ru (порт 11016)
2026-07-23 17:24:49,210 | INFO | [🎉 SNI WORKED] Нода ожила с SNI: ozon.ru (порт 11039)
2026-07-23 17:24:50,832 | INFO | [🎉 SNI WORKED] Нода ожила с SNI: yandex.ru (порт 11011)
2026-07-23 17:24:51,660 | INFO | [🎉 SNI WORKED] Нода ожила с SNI: yandex.ru (порт 11005)
2026-07-23 17:24:52,455 | INFO | [🎉 SNI WORKED] Нода ожила с SNI: wildberries.ru (порт 11001)
2026-07-23 17:25:00,276 | INFO | [🎉 SNI WORKED] Нода ожила с SNI: ozon.ru (порт 11021)
2026-07-23 17:25:10,629 | INFO | [🎉 SNI WORKED] Нода ожила с SNI: ok.ru (порт 11004)
2026-07-23 17:25:11,303 | INFO | [🎉 SNI WORKED] Нода ожила с SNI: wildberries.ru (порт 11032)
2026-07-23 17:25:24,787 | INFO | [🎉 SNI WORKED] Нода ожила с SNI: dzen.ru (порт 11025)
2026-07-23 17:27:39,285 | INFO | [🎉 SNI WORKED] Нода ожила с SNI: dzen.ru (порт 11017)
2026-07-23 17:30:55,689 | INFO | [🎉 SNI WORKED] Нода ожила с SNI: ozon.ru (порт 11000)
2026-07-23 17:30:58,663 | INFO | [🎉 SNI WORKED] Нода ожила с SNI: ok.ru (порт 11028)
2026-07-23 17:30:59,499 | INFO | [🎉 SNI WORKED] Нода ожила с SNI: ok.ru (порт 11026)
2026-07-23 17:31:02,999 | INFO | [🎉 SNI WORKED] Нода ожила с SNI: ozon.ru (порт 11012)
2026-07-23 17:31:07,661 | INFO | [🎉 SNI WORKED] Нода ожила с SNI: ok.ru (порт 11036)
2026-07-23 17:31:08,207 | INFO | [🎉 SNI WORKED] Нода ожила с SNI: yandex.ru (порт 11002)
2026-07-23 17:31:16,124 | INFO | [🎉 SNI WORKED] Нода ожила с SNI: ozon.ru (порт 11028)
2026-07-23 17:31:16,205 | INFO | [🎉 SNI WORKED] Нода ожила с SNI: vk.com (порт 11026)
2026-07-23 17:31:17,890 | INFO | [🎉 SNI WORKED] Нода ожила с SNI: yandex.ru (порт 11010)
2026-07-23 17:31:19,240 | INFO | ⏱️ Время проверки: 411.0 сек
2026-07-23 17:31:19,241 | INFO | 
--- RESULT: Found 102 live nodes ---
2026-07-23 17:31:19,241 | INFO | After dedup: 102
2026-07-23 17:31:19,249 | INFO | alive_archive.txt updated: 5000 nodes (limit 5000)
2026-07-23 17:31:19,249 | INFO | Subscription updated: /home/runner/work/sbornik/sbornik/subs/vless_001.txt
2026-07-23 17:31:19,249 | INFO | 
--- STATS BY PROTOCOL ---
2026-07-23 17:31:19,249 | INFO | reality: 82
2026-07-23 17:31:19,249 | INFO | tls: 8
2026-07-23 17:31:19,249 | INFO | ws: 9
2026-07-23 17:31:19,249 | INFO | other: 3
2026-07-23 17:31:19,249 | INFO | 
--- TOP SNI STATS ---
2026-07-23 17:31:19,249 | INFO | yandex.ru: 22 успешных мутаций
2026-07-23 17:31:19,249 | INFO | api-maps.yandex.ru: 20 успешных мутаций
2026-07-23 17:31:19,249 | INFO | ozon.ru: 19 успешных мутаций
2026-07-23 17:31:19,249 | INFO | mail.ru: 15 успешных мутаций
2026-07-23 17:31:19,249 | INFO | vk.com: 13 успешных мутаций
2026-07-23 17:31:19,249 | INFO | ok.ru: 13 успешных мутаций
2026-07-23 17:31:19,249 | INFO | wildberries.ru: 12 успешных мутаций
2026-07-23 17:31:19,249 | INFO | dzen.ru: 2 успешных мутаций
2026-07-23 17:31:19,249 | INFO | rutube.ru: 1 успешных мутаций
2026-07-23 17:31:19,249 | INFO | cdn.x5.ru: 1 успешных мутаций
2026-07-23 17:31:19,250 | INFO | 💾 Статистика SNI сохранена
