2026-07-20 21:13:36,172 | INFO | 📊 Загружена статистика SNI: 26 доменов
2026-07-20 21:13:36,172 | INFO | === SING-BOX STATUS ===
2026-07-20 21:13:36,181 | INFO | sing-box version 1.13.14

Environment: go1.25.11 linux/amd64
Tags: with_gvisor,with_quic,with_dhcp,with_wireguard,with_utls,with_acme,with_clash_api,with_tailscale,with_ccm,with_ocm,with_naive_outbound,badlinkname,tfogo_checklinkname0,with_musl
Revision: 25a600db24f7680ad9806ce5427bd0ab8afe1114
CGO: enabled
2026-07-20 21:13:36,181 | INFO | 
--- STEP 1: FETCHING SOURCES ---
2026-07-20 21:13:36,213 | INFO | Loaded 124 lines from https://raw.githubusercontent.com/igareck/vpn-conf...
2026-07-20 21:13:36,242 | INFO | Loaded 0 lines from https://raw.githubusercontent.com/igareck/vpn-conf...
2026-07-20 21:13:36,382 | INFO | Loaded 24 lines from https://raw.githubusercontent.com/igareck/vpn-conf...
2026-07-20 21:13:36,513 | INFO | Loaded 23 lines from https://raw.githubusercontent.com/igareck/vpn-conf...
2026-07-20 21:13:36,541 | INFO | Loaded 128 lines from https://raw.githubusercontent.com/igareck/vpn-conf...
2026-07-20 21:13:36,675 | INFO | Loaded 256 lines from https://raw.githubusercontent.com/igareck/vpn-conf...
2026-07-20 21:13:36,834 | INFO | Loaded 153 lines from https://raw.githubusercontent.com/igareck/vpn-conf...
2026-07-20 21:13:37,017 | INFO | Loaded 439 lines from https://raw.githubusercontent.com/FLAT447/v2ray-li...
2026-07-20 21:13:37,017 | INFO | 
--- STEP 2: VALIDATION ---
2026-07-20 21:13:37,020 | INFO | Unique VLESS configs: 797
2026-07-20 21:13:37,049 | INFO | Archive updated: 10000 nodes (limit 10000)
2026-07-20 21:13:37,054 | INFO | 
--- STEP 3: LIVE CHECK (797 nodes, threads: 40) ---
2026-07-20 21:14:00,447 | INFO | ⏱️ Время проверки: 23.4 сек
2026-07-20 21:14:00,448 | INFO | 
--- RESULT: Found 102 live nodes ---
2026-07-20 21:14:00,448 | INFO | After dedup: 102
2026-07-20 21:14:00,461 | INFO | alive_archive.txt updated: 5000 nodes (limit 5000)
2026-07-20 21:14:00,462 | INFO | Subscription updated: /home/runner/work/sbornik/sbornik/subs/vless_001.txt
2026-07-20 21:14:00,462 | INFO | 
--- STATS BY PROTOCOL ---
2026-07-20 21:14:00,462 | INFO | reality: 42
2026-07-20 21:14:00,462 | INFO | grpc: 1
2026-07-20 21:14:00,462 | INFO | ws: 28
2026-07-20 21:14:00,462 | INFO | other: 31
2026-07-20 21:14:00,462 | INFO | 
--- TOP SNI STATS ---
2026-07-20 21:14:00,462 | INFO | rutube.ru: 1 успешных мутаций
2026-07-20 21:14:00,462 | INFO | cdn.x5.ru: 1 успешных мутаций
2026-07-20 21:14:00,463 | INFO | 💾 Статистика SNI сохранена
