2026-07-21 06:29:54,609 | INFO | 📊 Загружена статистика SNI: 26 доменов
2026-07-21 06:29:54,610 | INFO | === SING-BOX STATUS ===
2026-07-21 06:29:54,618 | INFO | sing-box version 1.13.14

Environment: go1.25.11 linux/amd64
Tags: with_gvisor,with_quic,with_dhcp,with_wireguard,with_utls,with_acme,with_clash_api,with_tailscale,with_ccm,with_ocm,with_naive_outbound,badlinkname,tfogo_checklinkname0,with_musl
Revision: 25a600db24f7680ad9806ce5427bd0ab8afe1114
CGO: enabled
2026-07-21 06:29:54,618 | INFO | 
--- STEP 1: FETCHING SOURCES ---
2026-07-21 06:29:54,655 | INFO | Loaded 130 lines from https://raw.githubusercontent.com/igareck/vpn-conf...
2026-07-21 06:29:54,684 | INFO | Loaded 0 lines from https://raw.githubusercontent.com/igareck/vpn-conf...
2026-07-21 06:29:54,715 | INFO | Loaded 39 lines from https://raw.githubusercontent.com/igareck/vpn-conf...
2026-07-21 06:29:54,745 | INFO | Loaded 35 lines from https://raw.githubusercontent.com/igareck/vpn-conf...
2026-07-21 06:29:54,772 | INFO | Loaded 135 lines from https://raw.githubusercontent.com/igareck/vpn-conf...
2026-07-21 06:29:54,927 | INFO | Loaded 262 lines from https://raw.githubusercontent.com/igareck/vpn-conf...
2026-07-21 06:29:55,065 | INFO | Loaded 153 lines from https://raw.githubusercontent.com/igareck/vpn-conf...
2026-07-21 06:29:55,254 | INFO | Loaded 453 lines from https://raw.githubusercontent.com/FLAT447/v2ray-li...
2026-07-21 06:29:55,254 | INFO | 
--- STEP 2: VALIDATION ---
2026-07-21 06:29:55,256 | INFO | Unique VLESS configs: 851
2026-07-21 06:29:55,284 | INFO | Archive updated: 10000 nodes (limit 10000)
2026-07-21 06:29:55,289 | INFO | 
--- STEP 3: LIVE CHECK (851 nodes, threads: 40) ---
2026-07-21 06:30:15,977 | INFO | ⏱️ Время проверки: 20.7 сек
2026-07-21 06:30:15,978 | INFO | 
--- RESULT: Found 103 live nodes ---
2026-07-21 06:30:15,978 | INFO | After dedup: 103
2026-07-21 06:30:15,991 | INFO | alive_archive.txt updated: 5000 nodes (limit 5000)
2026-07-21 06:30:15,991 | INFO | Subscription updated: /home/runner/work/sbornik/sbornik/subs/vless_001.txt
2026-07-21 06:30:15,991 | INFO | 
--- STATS BY PROTOCOL ---
2026-07-21 06:30:15,992 | INFO | reality: 59
2026-07-21 06:30:15,992 | INFO | grpc: 1
2026-07-21 06:30:15,992 | INFO | ws: 23
2026-07-21 06:30:15,992 | INFO | other: 20
2026-07-21 06:30:15,992 | INFO | 
--- TOP SNI STATS ---
2026-07-21 06:30:15,992 | INFO | rutube.ru: 1 успешных мутаций
2026-07-21 06:30:15,992 | INFO | cdn.x5.ru: 1 успешных мутаций
2026-07-21 06:30:15,992 | INFO | 💾 Статистика SNI сохранена
