2026-07-20 03:21:19,015 | INFO | 📊 Загружена статистика SNI: 26 доменов
2026-07-20 03:21:19,015 | INFO | === SING-BOX STATUS ===
2026-07-20 03:21:19,024 | INFO | sing-box version 1.13.14

Environment: go1.25.11 linux/amd64
Tags: with_gvisor,with_quic,with_dhcp,with_wireguard,with_utls,with_acme,with_clash_api,with_tailscale,with_ccm,with_ocm,with_naive_outbound,badlinkname,tfogo_checklinkname0,with_musl
Revision: 25a600db24f7680ad9806ce5427bd0ab8afe1114
CGO: enabled
2026-07-20 03:21:19,025 | INFO | 
--- STEP 1: FETCHING SOURCES ---
2026-07-20 03:21:19,148 | INFO | Loaded 153 lines from https://raw.githubusercontent.com/igareck/vpn-conf...
2026-07-20 03:21:19,273 | INFO | Loaded 0 lines from https://raw.githubusercontent.com/igareck/vpn-conf...
2026-07-20 03:21:19,412 | INFO | Loaded 78 lines from https://raw.githubusercontent.com/igareck/vpn-conf...
2026-07-20 03:21:19,554 | INFO | Loaded 48 lines from https://raw.githubusercontent.com/igareck/vpn-conf...
2026-07-20 03:21:19,689 | INFO | Loaded 298 lines from https://raw.githubusercontent.com/igareck/vpn-conf...
2026-07-20 03:21:19,829 | INFO | Loaded 807 lines from https://raw.githubusercontent.com/igareck/vpn-conf...
2026-07-20 03:21:19,958 | INFO | Loaded 153 lines from https://raw.githubusercontent.com/igareck/vpn-conf...
2026-07-20 03:21:20,154 | INFO | Loaded 432 lines from https://raw.githubusercontent.com/FLAT447/v2ray-li...
2026-07-20 03:21:20,154 | INFO | 
--- STEP 2: VALIDATION ---
2026-07-20 03:21:20,156 | INFO | Unique VLESS configs: 1532
2026-07-20 03:21:20,185 | INFO | Archive updated: 10000 nodes (limit 10000)
2026-07-20 03:21:20,197 | INFO | 
--- STEP 3: LIVE CHECK (1532 nodes, threads: 40) ---
2026-07-20 03:22:03,603 | INFO | ⏱️ Время проверки: 43.4 сек
2026-07-20 03:22:03,603 | INFO | 
--- RESULT: Found 104 live nodes ---
2026-07-20 03:22:03,603 | INFO | After dedup: 104
2026-07-20 03:22:03,616 | INFO | alive_archive.txt updated: 5000 nodes (limit 5000)
2026-07-20 03:22:03,617 | INFO | Subscription updated: /home/runner/work/sbornik/sbornik/subs/vless_001.txt
2026-07-20 03:22:03,617 | INFO | 
--- STATS BY PROTOCOL ---
2026-07-20 03:22:03,617 | INFO | reality: 39
2026-07-20 03:22:03,617 | INFO | tls: 11
2026-07-20 03:22:03,617 | INFO | grpc: 4
2026-07-20 03:22:03,617 | INFO | ws: 45
2026-07-20 03:22:03,617 | INFO | other: 5
2026-07-20 03:22:03,617 | INFO | 
--- TOP SNI STATS ---
2026-07-20 03:22:03,618 | INFO | 💾 Статистика SNI сохранена
