2026-07-19 19:01:42,060 | INFO | 📊 Загружена статистика SNI: 26 доменов
2026-07-19 19:01:42,060 | INFO | === SING-BOX STATUS ===
2026-07-19 19:01:42,069 | INFO | sing-box version 1.13.14

Environment: go1.25.11 linux/amd64
Tags: with_gvisor,with_quic,with_dhcp,with_wireguard,with_utls,with_acme,with_clash_api,with_tailscale,with_ccm,with_ocm,with_naive_outbound,badlinkname,tfogo_checklinkname0,with_musl
Revision: 25a600db24f7680ad9806ce5427bd0ab8afe1114
CGO: enabled
2026-07-19 19:01:42,069 | INFO | 
--- STEP 1: FETCHING SOURCES ---
2026-07-19 19:01:42,106 | INFO | Loaded 70 lines from https://raw.githubusercontent.com/igareck/vpn-conf...
2026-07-19 19:01:42,144 | INFO | Loaded 0 lines from https://raw.githubusercontent.com/igareck/vpn-conf...
2026-07-19 19:01:42,227 | INFO | Loaded 24 lines from https://raw.githubusercontent.com/igareck/vpn-conf...
2026-07-19 19:01:42,268 | INFO | Loaded 23 lines from https://raw.githubusercontent.com/igareck/vpn-conf...
2026-07-19 19:01:42,305 | INFO | Loaded 75 lines from https://raw.githubusercontent.com/igareck/vpn-conf...
2026-07-19 19:01:42,351 | INFO | Loaded 942 lines from https://raw.githubusercontent.com/igareck/vpn-conf...
2026-07-19 19:01:42,383 | INFO | Loaded 153 lines from https://raw.githubusercontent.com/igareck/vpn-conf...
2026-07-19 19:01:42,436 | INFO | Loaded 387 lines from https://raw.githubusercontent.com/FLAT447/v2ray-li...
2026-07-19 19:01:42,436 | INFO | 
--- STEP 2: VALIDATION ---
2026-07-19 19:01:42,437 | INFO | Unique VLESS configs: 1388
2026-07-19 19:01:42,465 | INFO | Archive updated: 10000 nodes (limit 10000)
2026-07-19 19:01:42,477 | INFO | 
--- STEP 3: LIVE CHECK (1388 nodes, threads: 40) ---
2026-07-19 19:01:56,627 | INFO | ⏱️ Время проверки: 14.2 сек
2026-07-19 19:01:56,628 | INFO | 
--- RESULT: Found 111 live nodes ---
2026-07-19 19:01:56,628 | INFO | After dedup: 111
2026-07-19 19:01:56,645 | INFO | alive_archive.txt updated: 5000 nodes (limit 5000)
2026-07-19 19:01:56,645 | INFO | Subscription updated: /home/runner/work/sbornik/sbornik/subs/vless_001.txt
2026-07-19 19:01:56,645 | INFO | 
--- STATS BY PROTOCOL ---
2026-07-19 19:01:56,645 | INFO | ws: 110
2026-07-19 19:01:56,645 | INFO | other: 1
2026-07-19 19:01:56,645 | INFO | 
--- TOP SNI STATS ---
2026-07-19 19:01:56,645 | INFO | 💾 Статистика SNI сохранена
