2026-07-22 10:26:47,999 | INFO | 📊 Загружена статистика SNI: 26 доменов
2026-07-22 10:26:47,999 | INFO | === SING-BOX STATUS ===
2026-07-22 10:26:48,010 | INFO | sing-box version 1.13.14

Environment: go1.25.11 linux/amd64
Tags: with_gvisor,with_quic,with_dhcp,with_wireguard,with_utls,with_acme,with_clash_api,with_tailscale,with_ccm,with_ocm,with_naive_outbound,badlinkname,tfogo_checklinkname0,with_musl
Revision: 25a600db24f7680ad9806ce5427bd0ab8afe1114
CGO: enabled
2026-07-22 10:26:48,010 | INFO | 
--- STEP 1: FETCHING SOURCES ---
2026-07-22 10:26:48,043 | INFO | Loaded 112 lines from https://raw.githubusercontent.com/igareck/vpn-conf...
2026-07-22 10:26:48,171 | INFO | Loaded 0 lines from https://raw.githubusercontent.com/igareck/vpn-conf...
2026-07-22 10:26:48,299 | INFO | Loaded 15 lines from https://raw.githubusercontent.com/igareck/vpn-conf...
2026-07-22 10:26:48,427 | INFO | Loaded 15 lines from https://raw.githubusercontent.com/igareck/vpn-conf...
2026-07-22 10:26:48,555 | INFO | Loaded 117 lines from https://raw.githubusercontent.com/igareck/vpn-conf...
2026-07-22 10:26:48,687 | INFO | Loaded 330 lines from https://raw.githubusercontent.com/igareck/vpn-conf...
2026-07-22 10:26:48,815 | INFO | Loaded 153 lines from https://raw.githubusercontent.com/igareck/vpn-conf...
2026-07-22 10:26:48,988 | INFO | Loaded 431 lines from https://raw.githubusercontent.com/FLAT447/v2ray-li...
2026-07-22 10:26:48,988 | INFO | 
--- STEP 2: VALIDATION ---
2026-07-22 10:26:48,990 | INFO | Unique VLESS configs: 831
2026-07-22 10:26:49,018 | INFO | Archive updated: 10000 nodes (limit 10000)
2026-07-22 10:26:49,022 | INFO | 
--- STEP 3: LIVE CHECK (831 nodes, threads: 40) ---
2026-07-22 10:28:57,910 | INFO | ⏱️ Время проверки: 128.9 сек
2026-07-22 10:28:57,911 | INFO | 
--- RESULT: Found 101 live nodes ---
2026-07-22 10:28:57,911 | INFO | After dedup: 101
2026-07-22 10:28:57,922 | INFO | alive_archive.txt updated: 5000 nodes (limit 5000)
2026-07-22 10:28:57,922 | INFO | Subscription updated: /home/runner/work/sbornik/sbornik/subs/vless_001.txt
2026-07-22 10:28:57,922 | INFO | 
--- STATS BY PROTOCOL ---
2026-07-22 10:28:57,923 | INFO | reality: 87
2026-07-22 10:28:57,923 | INFO | ws: 6
2026-07-22 10:28:57,923 | INFO | other: 8
2026-07-22 10:28:57,923 | INFO | 
--- TOP SNI STATS ---
2026-07-22 10:28:57,923 | INFO | vk.com: 2 успешных мутаций
2026-07-22 10:28:57,923 | INFO | api-maps.yandex.ru: 2 успешных мутаций
2026-07-22 10:28:57,923 | INFO | rutube.ru: 1 успешных мутаций
2026-07-22 10:28:57,923 | INFO | cdn.x5.ru: 1 успешных мутаций
2026-07-22 10:28:57,923 | INFO | 💾 Статистика SNI сохранена
