2026-07-22 06:30:34,698 | INFO | 📊 Загружена статистика SNI: 26 доменов
2026-07-22 06:30:34,698 | INFO | === SING-BOX STATUS ===
2026-07-22 06:30:34,706 | INFO | sing-box version 1.13.14

Environment: go1.25.11 linux/amd64
Tags: with_gvisor,with_quic,with_dhcp,with_wireguard,with_utls,with_acme,with_clash_api,with_tailscale,with_ccm,with_ocm,with_naive_outbound,badlinkname,tfogo_checklinkname0,with_musl
Revision: 25a600db24f7680ad9806ce5427bd0ab8afe1114
CGO: enabled
2026-07-22 06:30:34,707 | INFO | 
--- STEP 1: FETCHING SOURCES ---
2026-07-22 06:30:34,824 | INFO | Loaded 126 lines from https://raw.githubusercontent.com/igareck/vpn-conf...
2026-07-22 06:30:34,949 | INFO | Loaded 0 lines from https://raw.githubusercontent.com/igareck/vpn-conf...
2026-07-22 06:30:35,055 | INFO | Loaded 34 lines from https://raw.githubusercontent.com/igareck/vpn-conf...
2026-07-22 06:30:35,168 | INFO | Loaded 13 lines from https://raw.githubusercontent.com/igareck/vpn-conf...
2026-07-22 06:30:35,197 | INFO | Loaded 131 lines from https://raw.githubusercontent.com/igareck/vpn-conf...
2026-07-22 06:30:35,326 | INFO | Loaded 213 lines from https://raw.githubusercontent.com/igareck/vpn-conf...
2026-07-22 06:30:35,474 | INFO | Loaded 153 lines from https://raw.githubusercontent.com/igareck/vpn-conf...
2026-07-22 06:30:35,656 | INFO | Loaded 430 lines from https://raw.githubusercontent.com/FLAT447/v2ray-li...
2026-07-22 06:30:35,657 | INFO | 
--- STEP 2: VALIDATION ---
2026-07-22 06:30:35,658 | INFO | Unique VLESS configs: 729
2026-07-22 06:30:35,686 | INFO | Archive updated: 10000 nodes (limit 10000)
2026-07-22 06:30:35,690 | INFO | 
--- STEP 3: LIVE CHECK (729 nodes, threads: 40) ---
2026-07-22 06:35:00,336 | INFO | ⏱️ Время проверки: 264.6 сек
2026-07-22 06:35:00,336 | INFO | 
--- RESULT: Found 106 live nodes ---
2026-07-22 06:35:00,336 | INFO | After dedup: 106
2026-07-22 06:35:00,350 | INFO | alive_archive.txt updated: 5000 nodes (limit 5000)
2026-07-22 06:35:00,351 | INFO | Subscription updated: /home/runner/work/sbornik/sbornik/subs/vless_001.txt
2026-07-22 06:35:00,351 | INFO | 
--- STATS BY PROTOCOL ---
2026-07-22 06:35:00,351 | INFO | reality: 88
2026-07-22 06:35:00,351 | INFO | ws: 17
2026-07-22 06:35:00,351 | INFO | other: 1
2026-07-22 06:35:00,351 | INFO | 
--- TOP SNI STATS ---
2026-07-22 06:35:00,351 | INFO | vk.com: 2 успешных мутаций
2026-07-22 06:35:00,351 | INFO | api-maps.yandex.ru: 2 успешных мутаций
2026-07-22 06:35:00,351 | INFO | rutube.ru: 1 успешных мутаций
2026-07-22 06:35:00,351 | INFO | cdn.x5.ru: 1 успешных мутаций
2026-07-22 06:35:00,352 | INFO | 💾 Статистика SNI сохранена
