2026-07-20 06:48:51,506 | INFO | 📊 Загружена статистика SNI: 26 доменов
2026-07-20 06:48:51,507 | INFO | === SING-BOX STATUS ===
2026-07-20 06:48:51,516 | INFO | sing-box version 1.13.14

Environment: go1.25.11 linux/amd64
Tags: with_gvisor,with_quic,with_dhcp,with_wireguard,with_utls,with_acme,with_clash_api,with_tailscale,with_ccm,with_ocm,with_naive_outbound,badlinkname,tfogo_checklinkname0,with_musl
Revision: 25a600db24f7680ad9806ce5427bd0ab8afe1114
CGO: enabled
2026-07-20 06:48:51,516 | INFO | 
--- STEP 1: FETCHING SOURCES ---
2026-07-20 06:48:51,613 | INFO | Loaded 153 lines from https://raw.githubusercontent.com/igareck/vpn-conf...
2026-07-20 06:48:51,742 | INFO | Loaded 0 lines from https://raw.githubusercontent.com/igareck/vpn-conf...
2026-07-20 06:48:51,844 | INFO | Loaded 53 lines from https://raw.githubusercontent.com/igareck/vpn-conf...
2026-07-20 06:48:51,919 | INFO | Loaded 28 lines from https://raw.githubusercontent.com/igareck/vpn-conf...
2026-07-20 06:48:51,995 | INFO | Loaded 191 lines from https://raw.githubusercontent.com/igareck/vpn-conf...
2026-07-20 06:48:52,136 | INFO | Loaded 292 lines from https://raw.githubusercontent.com/igareck/vpn-conf...
2026-07-20 06:48:52,261 | INFO | Loaded 153 lines from https://raw.githubusercontent.com/igareck/vpn-conf...
2026-07-20 06:48:52,409 | INFO | Loaded 435 lines from https://raw.githubusercontent.com/FLAT447/v2ray-li...
2026-07-20 06:48:52,410 | INFO | 
--- STEP 2: VALIDATION ---
2026-07-20 06:48:52,411 | INFO | Unique VLESS configs: 893
2026-07-20 06:48:52,439 | INFO | Archive updated: 10000 nodes (limit 10000)
2026-07-20 06:48:52,443 | INFO | 
--- STEP 3: LIVE CHECK (893 nodes, threads: 40) ---
2026-07-20 06:49:27,399 | INFO | ⏱️ Время проверки: 35.0 сек
2026-07-20 06:49:27,399 | INFO | 
--- RESULT: Found 102 live nodes ---
2026-07-20 06:49:27,399 | INFO | After dedup: 102
2026-07-20 06:49:27,412 | INFO | alive_archive.txt updated: 5000 nodes (limit 5000)
2026-07-20 06:49:27,412 | INFO | Subscription updated: /home/runner/work/sbornik/sbornik/subs/vless_001.txt
2026-07-20 06:49:27,413 | INFO | 
--- STATS BY PROTOCOL ---
2026-07-20 06:49:27,413 | INFO | reality: 42
2026-07-20 06:49:27,413 | INFO | grpc: 2
2026-07-20 06:49:27,413 | INFO | ws: 44
2026-07-20 06:49:27,413 | INFO | other: 14
2026-07-20 06:49:27,413 | INFO | 
--- TOP SNI STATS ---
2026-07-20 06:49:27,413 | INFO | 💾 Статистика SNI сохранена
