2026-07-21 13:55:06,601 | INFO | 📊 Загружена статистика SNI: 26 доменов
2026-07-21 13:55:06,601 | INFO | === SING-BOX STATUS ===
2026-07-21 13:55:06,608 | INFO | sing-box version 1.13.14

Environment: go1.25.11 linux/amd64
Tags: with_gvisor,with_quic,with_dhcp,with_wireguard,with_utls,with_acme,with_clash_api,with_tailscale,with_ccm,with_ocm,with_naive_outbound,badlinkname,tfogo_checklinkname0,with_musl
Revision: 25a600db24f7680ad9806ce5427bd0ab8afe1114
CGO: enabled
2026-07-21 13:55:06,608 | INFO | 
--- STEP 1: FETCHING SOURCES ---
2026-07-21 13:55:06,786 | INFO | Loaded 91 lines from https://raw.githubusercontent.com/igareck/vpn-conf...
2026-07-21 13:55:06,937 | INFO | Loaded 0 lines from https://raw.githubusercontent.com/igareck/vpn-conf...
2026-07-21 13:55:07,086 | INFO | Loaded 36 lines from https://raw.githubusercontent.com/igareck/vpn-conf...
2026-07-21 13:55:07,381 | INFO | Loaded 23 lines from https://raw.githubusercontent.com/igareck/vpn-conf...
2026-07-21 13:55:07,425 | INFO | Loaded 96 lines from https://raw.githubusercontent.com/igareck/vpn-conf...
2026-07-21 13:55:07,628 | INFO | Loaded 130 lines from https://raw.githubusercontent.com/igareck/vpn-conf...
2026-07-21 13:55:07,783 | INFO | Loaded 153 lines from https://raw.githubusercontent.com/igareck/vpn-conf...
2026-07-21 13:55:08,177 | INFO | Loaded 413 lines from https://raw.githubusercontent.com/FLAT447/v2ray-li...
2026-07-21 13:55:08,177 | INFO | 
--- STEP 2: VALIDATION ---
2026-07-21 13:55:08,178 | INFO | Unique VLESS configs: 616
2026-07-21 13:55:08,201 | INFO | Archive updated: 10000 nodes (limit 10000)
2026-07-21 13:55:08,204 | INFO | 
--- STEP 3: LIVE CHECK (616 nodes, threads: 40) ---
2026-07-21 13:57:51,116 | INFO | [🎉 SNI WORKED] Нода ожила с SNI: api-maps.yandex.ru (порт 11020)
2026-07-21 13:59:09,578 | INFO | [🎉 SNI WORKED] Нода ожила с SNI: api-maps.yandex.ru (порт 11004)
2026-07-21 14:12:03,468 | INFO | ⏱️ Время проверки: 1015.3 сек
2026-07-21 14:12:03,468 | INFO | 
--- RESULT: Found 100 live nodes ---
2026-07-21 14:12:03,468 | INFO | After dedup: 100
2026-07-21 14:12:03,477 | INFO | alive_archive.txt updated: 5000 nodes (limit 5000)
2026-07-21 14:12:03,477 | INFO | Subscription updated: /home/runner/work/sbornik/sbornik/subs/vless_001.txt
2026-07-21 14:12:03,477 | INFO | 
--- STATS BY PROTOCOL ---
2026-07-21 14:12:03,477 | INFO | reality: 78
2026-07-21 14:12:03,477 | INFO | grpc: 1
2026-07-21 14:12:03,477 | INFO | ws: 15
2026-07-21 14:12:03,477 | INFO | other: 6
2026-07-21 14:12:03,477 | INFO | 
--- TOP SNI STATS ---
2026-07-21 14:12:03,477 | INFO | api-maps.yandex.ru: 2 успешных мутаций
2026-07-21 14:12:03,477 | INFO | rutube.ru: 1 успешных мутаций
2026-07-21 14:12:03,477 | INFO | cdn.x5.ru: 1 успешных мутаций
2026-07-21 14:12:03,478 | INFO | 💾 Статистика SNI сохранена
