2026-07-21 17:22:25,568 | INFO | 📊 Загружена статистика SNI: 26 доменов
2026-07-21 17:22:25,568 | INFO | === SING-BOX STATUS ===
2026-07-21 17:22:25,576 | INFO | sing-box version 1.13.14

Environment: go1.25.11 linux/amd64
Tags: with_gvisor,with_quic,with_dhcp,with_wireguard,with_utls,with_acme,with_clash_api,with_tailscale,with_ccm,with_ocm,with_naive_outbound,badlinkname,tfogo_checklinkname0,with_musl
Revision: 25a600db24f7680ad9806ce5427bd0ab8afe1114
CGO: enabled
2026-07-21 17:22:25,576 | INFO | 
--- STEP 1: FETCHING SOURCES ---
2026-07-21 17:22:25,631 | INFO | Loaded 127 lines from https://raw.githubusercontent.com/igareck/vpn-conf...
2026-07-21 17:22:25,932 | INFO | Loaded 0 lines from https://raw.githubusercontent.com/igareck/vpn-conf...
2026-07-21 17:22:26,126 | INFO | Loaded 30 lines from https://raw.githubusercontent.com/igareck/vpn-conf...
2026-07-21 17:22:26,423 | INFO | Loaded 19 lines from https://raw.githubusercontent.com/igareck/vpn-conf...
2026-07-21 17:22:26,589 | INFO | Loaded 132 lines from https://raw.githubusercontent.com/igareck/vpn-conf...
2026-07-21 17:22:26,749 | INFO | Loaded 222 lines from https://raw.githubusercontent.com/igareck/vpn-conf...
2026-07-21 17:22:26,917 | INFO | Loaded 153 lines from https://raw.githubusercontent.com/igareck/vpn-conf...
2026-07-21 17:22:27,105 | INFO | Loaded 427 lines from https://raw.githubusercontent.com/FLAT447/v2ray-li...
2026-07-21 17:22:27,105 | INFO | 
--- STEP 2: VALIDATION ---
2026-07-21 17:22:27,106 | INFO | Unique VLESS configs: 754
2026-07-21 17:22:27,135 | INFO | Archive updated: 10000 nodes (limit 10000)
2026-07-21 17:22:27,139 | INFO | 
--- STEP 3: LIVE CHECK (754 nodes, threads: 40) ---
2026-07-21 17:23:24,136 | INFO | [🎉 SNI WORKED] Нода ожила с SNI: vk.com (порт 11007)
2026-07-21 17:29:56,779 | INFO | ⏱️ Время проверки: 449.6 сек
2026-07-21 17:29:56,780 | INFO | 
--- RESULT: Found 101 live nodes ---
2026-07-21 17:29:56,780 | INFO | After dedup: 101
2026-07-21 17:29:56,793 | INFO | alive_archive.txt updated: 5000 nodes (limit 5000)
2026-07-21 17:29:56,794 | INFO | Subscription updated: /home/runner/work/sbornik/sbornik/subs/vless_001.txt
2026-07-21 17:29:56,794 | INFO | 
--- STATS BY PROTOCOL ---
2026-07-21 17:29:56,794 | INFO | reality: 82
2026-07-21 17:29:56,794 | INFO | ws: 10
2026-07-21 17:29:56,794 | INFO | other: 9
2026-07-21 17:29:56,794 | INFO | 
--- TOP SNI STATS ---
2026-07-21 17:29:56,794 | INFO | vk.com: 2 успешных мутаций
2026-07-21 17:29:56,794 | INFO | api-maps.yandex.ru: 2 успешных мутаций
2026-07-21 17:29:56,794 | INFO | rutube.ru: 1 успешных мутаций
2026-07-21 17:29:56,794 | INFO | cdn.x5.ru: 1 успешных мутаций
2026-07-21 17:29:56,795 | INFO | 💾 Статистика SNI сохранена
