2026-07-23 06:31:30,985 | INFO | 📊 Загружена статистика SNI: 26 доменов
2026-07-23 06:31:30,985 | INFO | === SING-BOX STATUS ===
2026-07-23 06:31:30,992 | INFO | sing-box version 1.13.14

Environment: go1.25.11 linux/amd64
Tags: with_gvisor,with_quic,with_dhcp,with_wireguard,with_utls,with_acme,with_clash_api,with_tailscale,with_ccm,with_ocm,with_naive_outbound,badlinkname,tfogo_checklinkname0,with_musl
Revision: 25a600db24f7680ad9806ce5427bd0ab8afe1114
CGO: enabled
2026-07-23 06:31:30,992 | INFO | 
--- STEP 1: FETCHING SOURCES ---
2026-07-23 06:31:31,040 | INFO | Loaded 74 lines from https://raw.githubusercontent.com/igareck/vpn-conf...
2026-07-23 06:31:31,328 | INFO | Loaded 0 lines from https://raw.githubusercontent.com/igareck/vpn-conf...
2026-07-23 06:31:31,459 | INFO | Loaded 6 lines from https://raw.githubusercontent.com/igareck/vpn-conf...
2026-07-23 06:31:31,750 | INFO | Loaded 36 lines from https://raw.githubusercontent.com/igareck/vpn-conf...
2026-07-23 06:31:31,794 | INFO | Loaded 80 lines from https://raw.githubusercontent.com/igareck/vpn-conf...
2026-07-23 06:31:32,102 | INFO | Loaded 491 lines from https://raw.githubusercontent.com/igareck/vpn-conf...
2026-07-23 06:31:32,517 | INFO | Loaded 153 lines from https://raw.githubusercontent.com/igareck/vpn-conf...
2026-07-23 06:31:33,220 | INFO | Loaded 384 lines from https://raw.githubusercontent.com/FLAT447/v2ray-li...
2026-07-23 06:31:33,220 | INFO | 
--- STEP 2: VALIDATION ---
2026-07-23 06:31:33,221 | INFO | Unique VLESS configs: 925
2026-07-23 06:31:33,253 | INFO | Archive updated: 10000 nodes (limit 10000)
2026-07-23 06:31:33,258 | INFO | 
--- STEP 3: LIVE CHECK (925 nodes, threads: 40) ---
2026-07-23 06:31:44,418 | INFO | [🎉 SNI WORKED] Нода ожила с SNI: ok.ru (порт 11030)
2026-07-23 06:31:45,383 | INFO | [🎉 SNI WORKED] Нода ожила с SNI: yandex.ru (порт 11009)
2026-07-23 06:31:45,854 | INFO | [🎉 SNI WORKED] Нода ожила с SNI: yandex.ru (порт 11016)
2026-07-23 06:31:45,946 | INFO | [🎉 SNI WORKED] Нода ожила с SNI: vk.com (порт 11019)
2026-07-23 06:31:46,963 | INFO | [🎉 SNI WORKED] Нода ожила с SNI: ozon.ru (порт 11029)
2026-07-23 06:31:48,215 | INFO | [🎉 SNI WORKED] Нода ожила с SNI: ok.ru (порт 11017)
2026-07-23 06:31:49,831 | INFO | [🎉 SNI WORKED] Нода ожила с SNI: ozon.ru (порт 11014)
2026-07-23 06:31:52,091 | INFO | [🎉 SNI WORKED] Нода ожила с SNI: yandex.ru (порт 11028)
2026-07-23 06:31:56,903 | INFO | [🎉 SNI WORKED] Нода ожила с SNI: api-maps.yandex.ru (порт 11021)
2026-07-23 06:32:04,669 | INFO | [🎉 SNI WORKED] Нода ожила с SNI: mail.ru (порт 11020)
2026-07-23 06:35:53,899 | INFO | [🎉 SNI WORKED] Нода ожила с SNI: yandex.ru (порт 11006)
2026-07-23 06:35:54,331 | INFO | [🎉 SNI WORKED] Нода ожила с SNI: api-maps.yandex.ru (порт 11019)
2026-07-23 06:36:01,463 | INFO | [🎉 SNI WORKED] Нода ожила с SNI: vk.com (порт 11007)
2026-07-23 06:36:01,586 | INFO | [🎉 SNI WORKED] Нода ожила с SNI: api-maps.yandex.ru (порт 11019)
2026-07-23 06:36:13,180 | INFO | [🎉 SNI WORKED] Нода ожила с SNI: vk.com (порт 11020)
2026-07-23 06:36:16,917 | INFO | [🎉 SNI WORKED] Нода ожила с SNI: vk.com (порт 11006)
2026-07-23 06:39:09,775 | INFO | ⏱️ Время проверки: 456.5 сек
2026-07-23 06:39:09,776 | INFO | 
--- RESULT: Found 100 live nodes ---
2026-07-23 06:39:09,776 | INFO | After dedup: 100
2026-07-23 06:39:09,785 | INFO | alive_archive.txt updated: 5000 nodes (limit 5000)
2026-07-23 06:39:09,785 | INFO | Subscription updated: /home/runner/work/sbornik/sbornik/subs/vless_001.txt
2026-07-23 06:39:09,785 | INFO | 
--- STATS BY PROTOCOL ---
2026-07-23 06:39:09,785 | INFO | reality: 85
2026-07-23 06:39:09,785 | INFO | ws: 13
2026-07-23 06:39:09,786 | INFO | other: 2
2026-07-23 06:39:09,786 | INFO | 
--- TOP SNI STATS ---
2026-07-23 06:39:09,786 | INFO | api-maps.yandex.ru: 12 успешных мутаций
2026-07-23 06:39:09,786 | INFO | yandex.ru: 11 успешных мутаций
2026-07-23 06:39:09,786 | INFO | vk.com: 9 успешных мутаций
2026-07-23 06:39:09,786 | INFO | ok.ru: 6 успешных мутаций
2026-07-23 06:39:09,786 | INFO | ozon.ru: 6 успешных мутаций
2026-07-23 06:39:09,786 | INFO | mail.ru: 3 успешных мутаций
2026-07-23 06:39:09,786 | INFO | wildberries.ru: 2 успешных мутаций
2026-07-23 06:39:09,786 | INFO | rutube.ru: 1 успешных мутаций
2026-07-23 06:39:09,786 | INFO | cdn.x5.ru: 1 успешных мутаций
2026-07-23 06:39:09,786 | INFO | 💾 Статистика SNI сохранена
