2026-07-22 17:22:16,366 | INFO | 📊 Загружена статистика SNI: 26 доменов
2026-07-22 17:22:16,366 | INFO | === SING-BOX STATUS ===
2026-07-22 17:22:16,375 | INFO | sing-box version 1.13.14

Environment: go1.25.11 linux/amd64
Tags: with_gvisor,with_quic,with_dhcp,with_wireguard,with_utls,with_acme,with_clash_api,with_tailscale,with_ccm,with_ocm,with_naive_outbound,badlinkname,tfogo_checklinkname0,with_musl
Revision: 25a600db24f7680ad9806ce5427bd0ab8afe1114
CGO: enabled
2026-07-22 17:22:16,375 | INFO | 
--- STEP 1: FETCHING SOURCES ---
2026-07-22 17:22:16,430 | INFO | Loaded 78 lines from https://raw.githubusercontent.com/igareck/vpn-conf...
2026-07-22 17:22:16,619 | INFO | Loaded 0 lines from https://raw.githubusercontent.com/igareck/vpn-conf...
2026-07-22 17:22:16,778 | INFO | Loaded 19 lines from https://raw.githubusercontent.com/igareck/vpn-conf...
2026-07-22 17:22:16,828 | INFO | Loaded 15 lines from https://raw.githubusercontent.com/igareck/vpn-conf...
2026-07-22 17:22:16,996 | INFO | Loaded 83 lines from https://raw.githubusercontent.com/igareck/vpn-conf...
2026-07-22 17:22:17,174 | INFO | Loaded 258 lines from https://raw.githubusercontent.com/igareck/vpn-conf...
2026-07-22 17:22:17,342 | INFO | Loaded 153 lines from https://raw.githubusercontent.com/igareck/vpn-conf...
2026-07-22 17:22:17,555 | INFO | Loaded 428 lines from https://raw.githubusercontent.com/FLAT447/v2ray-li...
2026-07-22 17:22:17,555 | INFO | 
--- STEP 2: VALIDATION ---
2026-07-22 17:22:17,557 | INFO | Unique VLESS configs: 719
2026-07-22 17:22:17,586 | INFO | Archive updated: 10000 nodes (limit 10000)
2026-07-22 17:22:17,590 | INFO | 
--- STEP 3: LIVE CHECK (719 nodes, threads: 40) ---
2026-07-22 17:22:24,836 | INFO | [🎉 SNI WORKED] Нода ожила с SNI: api-maps.yandex.ru (порт 11003)
2026-07-22 17:22:24,939 | INFO | [🎉 SNI WORKED] Нода ожила с SNI: ok.ru (порт 11001)
2026-07-22 17:22:24,999 | INFO | [🎉 SNI WORKED] Нода ожила с SNI: api-maps.yandex.ru (порт 11000)
2026-07-22 17:22:45,009 | INFO | [🎉 SNI WORKED] Нода ожила с SNI: vk.com (порт 11002)
2026-07-22 17:23:02,715 | INFO | [🎉 SNI WORKED] Нода ожила с SNI: vk.com (порт 11022)
2026-07-22 17:25:02,373 | INFO | [🎉 SNI WORKED] Нода ожила с SNI: mail.ru (порт 11039)
2026-07-22 17:25:08,387 | INFO | [🎉 SNI WORKED] Нода ожила с SNI: yandex.ru (порт 11008)
2026-07-22 17:25:11,235 | INFO | [🎉 SNI WORKED] Нода ожила с SNI: mail.ru (порт 11012)
2026-07-22 17:25:14,807 | INFO | [🎉 SNI WORKED] Нода ожила с SNI: ozon.ru (порт 11005)
2026-07-22 17:25:15,970 | INFO | [🎉 SNI WORKED] Нода ожила с SNI: yandex.ru (порт 11034)
2026-07-22 17:25:21,150 | INFO | [🎉 SNI WORKED] Нода ожила с SNI: ok.ru (порт 11039)
2026-07-22 17:25:25,274 | INFO | [🎉 SNI WORKED] Нода ожила с SNI: api-maps.yandex.ru (порт 11033)
2026-07-22 17:25:27,038 | INFO | [🎉 SNI WORKED] Нода ожила с SNI: ok.ru (порт 11005)
2026-07-22 17:25:28,555 | INFO | [🎉 SNI WORKED] Нода ожила с SNI: wildberries.ru (порт 11013)
2026-07-22 17:25:29,036 | INFO | ⏱️ Время проверки: 191.4 сек
2026-07-22 17:25:29,037 | INFO | 
--- RESULT: Found 102 live nodes ---
2026-07-22 17:25:29,037 | INFO | After dedup: 102
2026-07-22 17:25:29,049 | INFO | alive_archive.txt updated: 5000 nodes (limit 5000)
2026-07-22 17:25:29,049 | INFO | Subscription updated: /home/runner/work/sbornik/sbornik/subs/vless_001.txt
2026-07-22 17:25:29,049 | INFO | 
--- STATS BY PROTOCOL ---
2026-07-22 17:25:29,049 | INFO | reality: 82
2026-07-22 17:25:29,049 | INFO | ws: 9
2026-07-22 17:25:29,049 | INFO | other: 11
2026-07-22 17:25:29,049 | INFO | 
--- TOP SNI STATS ---
2026-07-22 17:25:29,049 | INFO | vk.com: 5 успешных мутаций
2026-07-22 17:25:29,050 | INFO | api-maps.yandex.ru: 5 успешных мутаций
2026-07-22 17:25:29,050 | INFO | ok.ru: 3 успешных мутаций
2026-07-22 17:25:29,050 | INFO | mail.ru: 2 успешных мутаций
2026-07-22 17:25:29,050 | INFO | yandex.ru: 2 успешных мутаций
2026-07-22 17:25:29,050 | INFO | ozon.ru: 2 успешных мутаций
2026-07-22 17:25:29,050 | INFO | rutube.ru: 1 успешных мутаций
2026-07-22 17:25:29,050 | INFO | wildberries.ru: 1 успешных мутаций
2026-07-22 17:25:29,050 | INFO | cdn.x5.ru: 1 успешных мутаций
2026-07-22 17:25:29,050 | INFO | 💾 Статистика SNI сохранена
