2026-07-22 02:47:16,126 | INFO | 📊 Загружена статистика SNI: 26 доменов
2026-07-22 02:47:16,126 | INFO | === SING-BOX STATUS ===
2026-07-22 02:47:16,134 | INFO | sing-box version 1.13.14

Environment: go1.25.11 linux/amd64
Tags: with_gvisor,with_quic,with_dhcp,with_wireguard,with_utls,with_acme,with_clash_api,with_tailscale,with_ccm,with_ocm,with_naive_outbound,badlinkname,tfogo_checklinkname0,with_musl
Revision: 25a600db24f7680ad9806ce5427bd0ab8afe1114
CGO: enabled
2026-07-22 02:47:16,134 | INFO | 
--- STEP 1: FETCHING SOURCES ---
2026-07-22 02:47:16,305 | INFO | Loaded 153 lines from https://raw.githubusercontent.com/igareck/vpn-conf...
2026-07-22 02:47:16,409 | INFO | Loaded 0 lines from https://raw.githubusercontent.com/igareck/vpn-conf...
2026-07-22 02:47:16,474 | INFO | Loaded 37 lines from https://raw.githubusercontent.com/igareck/vpn-conf...
2026-07-22 02:47:16,540 | INFO | Loaded 21 lines from https://raw.githubusercontent.com/igareck/vpn-conf...
2026-07-22 02:47:16,642 | INFO | Loaded 186 lines from https://raw.githubusercontent.com/igareck/vpn-conf...
2026-07-22 02:47:16,782 | INFO | Loaded 248 lines from https://raw.githubusercontent.com/igareck/vpn-conf...
2026-07-22 02:47:16,901 | INFO | Loaded 153 lines from https://raw.githubusercontent.com/igareck/vpn-conf...
2026-07-22 02:47:17,330 | INFO | Loaded 427 lines from https://raw.githubusercontent.com/FLAT447/v2ray-li...
2026-07-22 02:47:17,330 | INFO | 
--- STEP 2: VALIDATION ---
2026-07-22 02:47:17,331 | INFO | Unique VLESS configs: 824
2026-07-22 02:47:17,370 | INFO | Archive updated: 10000 nodes (limit 10000)
2026-07-22 02:47:17,375 | INFO | 
--- STEP 3: LIVE CHECK (824 nodes, threads: 40) ---
2026-07-22 02:48:53,193 | INFO | ⏱️ Время проверки: 95.8 сек
2026-07-22 02:48:53,193 | INFO | 
--- RESULT: Found 101 live nodes ---
2026-07-22 02:48:53,193 | INFO | After dedup: 101
2026-07-22 02:48:53,205 | INFO | alive_archive.txt updated: 5000 nodes (limit 5000)
2026-07-22 02:48:53,205 | INFO | Subscription updated: /home/runner/work/sbornik/sbornik/subs/vless_001.txt
2026-07-22 02:48:53,206 | INFO | 
--- STATS BY PROTOCOL ---
2026-07-22 02:48:53,206 | INFO | reality: 81
2026-07-22 02:48:53,206 | INFO | ws: 19
2026-07-22 02:48:53,206 | INFO | other: 1
2026-07-22 02:48:53,206 | INFO | 
--- TOP SNI STATS ---
2026-07-22 02:48:53,206 | INFO | vk.com: 2 успешных мутаций
2026-07-22 02:48:53,206 | INFO | api-maps.yandex.ru: 2 успешных мутаций
2026-07-22 02:48:53,206 | INFO | rutube.ru: 1 успешных мутаций
2026-07-22 02:48:53,206 | INFO | cdn.x5.ru: 1 успешных мутаций
2026-07-22 02:48:53,206 | INFO | 💾 Статистика SNI сохранена
